<?xml version="1.0" encoding="UTF-8"?>
<!-- Generated by org.testng.reporters.JUnitReportReporter -->
<testsuite skipped="0" hostname="DESKTOP-0705QLA" name="com.qa.gorest.tests.GetuserAPItest" tests="1" failures="0" timestamp="26 Oct 2019 00:41:47 GMT" time="4.471" errors="0">
  <testcase name="getuserlistAPItest" time="4.471" classname="com.qa.gorest.tests.GetuserAPItest"/>
</testsuite> <!-- com.qa.gorest.tests.GetuserAPItest -->
