<?xml version="1.0" encoding="UTF-8"?>
<!-- Generated by org.testng.reporters.JUnitReportReporter -->
<testsuite skipped="0" hostname="DESKTOP-0705QLA" name="com.qa.gorest.tests.CreateUserAPITest" tests="8" failures="0" timestamp="26 Oct 2019 00:41:47 GMT" time="11.143" errors="0">
  <testcase name="createuserlistAPItestusingDataprovider" time="1.087" classname="com.qa.gorest.tests.CreateUserAPITest"/>
  <testcase name="createuserlistAPItestusingDataprovider" time="1.095" classname="com.qa.gorest.tests.CreateUserAPITest"/>
  <testcase name="createuserlistAPItestusingDataprovider" time="1.116" classname="com.qa.gorest.tests.CreateUserAPITest"/>
  <testcase name="createuserlistAPItestusingDataprovider" time="1.084" classname="com.qa.gorest.tests.CreateUserAPITest"/>
  <testcase name="createuserlistAPItestusingDataprovider" time="1.071" classname="com.qa.gorest.tests.CreateUserAPITest"/>
  <testcase name="createuserlistAPItest" time="3.454" classname="com.qa.gorest.tests.CreateUserAPITest"/>
  <testcase name="createuserlistAPItestusingDataprovider" time="1.123" classname="com.qa.gorest.tests.CreateUserAPITest"/>
  <testcase name="createuserlistAPItestusingDataprovider" time="1.113" classname="com.qa.gorest.tests.CreateUserAPITest"/>
</testsuite> <!-- com.qa.gorest.tests.CreateUserAPITest -->
