<?xml version="1.0" encoding="UTF-8"?>
<!-- Generated by org.testng.reporters.JUnitReportReporter -->
<testsuite skipped="0" hostname="DESKTOP-0705QLA" name="com.qa.gorest.tests.UpdateUserAPItest" tests="2" failures="0" timestamp="26 Oct 2019 00:41:47 GMT" time="4.852" errors="0">
  <testcase name="updateuserlistAPItest_withsetter" time="2.198" classname="com.qa.gorest.tests.UpdateUserAPItest"/>
  <testcase name="updateuserlistAPItest" time="2.654" classname="com.qa.gorest.tests.UpdateUserAPItest"/>
</testsuite> <!-- com.qa.gorest.tests.UpdateUserAPItest -->
