<?xml version="1.0" encoding="UTF-8"?>
<!-- Generated by org.testng.reporters.JUnitReportReporter -->
<testsuite skipped="0" hostname="DESKTOP-0705QLA" name="com.qa.gorest.tests.DeleteuserAPItest" tests="2" failures="0" timestamp="26 Oct 2019 00:41:47 GMT" time="7.930" errors="0">
  <testcase name="deleteuserlistAPItest" time="5.630" classname="com.qa.gorest.tests.DeleteuserAPItest"/>
  <testcase name="deleteuserlistAPItest_usingsetter" time="2.300" classname="com.qa.gorest.tests.DeleteuserAPItest"/>
</testsuite> <!-- com.qa.gorest.tests.DeleteuserAPItest -->
